
map -a "MachXO2" -p LCMXO2-7000HE -t TQFP144 -s 4 -oc Commercial   "FPGASDR_impl1.ngd" -o "FPGASDR_impl1_map.ncd" -pr "FPGASDR_impl1.prf" -mp "FPGASDR_impl1.mrp" -lpf "C:/Users/user/lattice/FPGASDR/impl1/FPGASDR_impl1.lpf" -lpf "C:/Users/user/lattice/FPGASDR/FPGASDR.lpf" -c 0            
map:  version Diamond (64-bit) 3.10.3.144

Copyright (c) 1991-1994 by NeoCAD Inc. All rights reserved.
Copyright (c) 1995 AT&T Corp.   All rights reserved.
Copyright (c) 1995-2001 Lucent Technologies Inc.  All rights reserved.
Copyright (c) 2001 Agere Systems   All rights reserved.
Copyright (c) 2002-2017 Lattice Semiconductor Corporation,  All rights reserved.
   Process the file: FPGASDR_impl1.ngd
   Picdevice="LCMXO2-7000HE"

   Pictype="TQFP144"

   Picspeed=4

   Remove unused logic

   Do not produce over sized NCDs.

Part used: LCMXO2-7000HETQFP144, Performance used: 4.

Loading device for application map from file 'xo2c7000.nph' in environment: C:/lscc/diamond/3.10_x64/ispfpga.
Package Status:                     Final          Version 1.39.

Running general design DRC...

Removing unused logic...

Optimizing...




Design Summary:
   Number of registers:   1075 out of  7209 (15%)
      PFU registers:         1075 out of  6864 (16%)
      PIO registers:            0 out of   345 (0%)
   Number of SLICEs:       549 out of  3432 (16%)
      SLICEs as Logic/ROM:    549 out of  3432 (16%)
      SLICEs as RAM:            0 out of  2574 (0%)
      SLICEs as Carry:        352 out of  3432 (10%)
   Number of LUT4s:        791 out of  6864 (12%)
      Number used as logic LUTs:         87
      Number used as distributed RAM:     0
      Number used as ripple logic:      704
      Number used as shift registers:     0
   Number of PIO sites used: 36 + 4(JTAG) out of 115 (35%)
      Number of PIO sites used for single ended IOs: 38
      Number of PIO sites used for differential IOs: 2 (represented by 1 PIO comps in NCD)
   Number of block RAMs:  0 out of 26 (0%)
   Number of GSRs:  0 out of 1 (0%)
   EFB used :       No
   JTAG used :      No
   Readback used :  No
   Oscillator used :  No
   Startup used :   No
   POR :            On
   Bandgap :        On
   Number of Power Controller:  0 out of 1 (0%)
   Number of Dynamic Bank Controller (BCINRD):  0 out of 6 (0%)
   Number of Dynamic Bank Controller (BCLVDSO):  0 out of 1 (0%)
   Number of DCCA:  0 out of 8 (0%)
   Number of DCMA:  0 out of 2 (0%)
   Number of PLLs:  1 out of 2 (50%)
   Number of DQSDLLs:  0 out of 2 (0%)
   Number of CLKDIVC:  0 out of 4 (0%)
   Number of ECLKSYNCA:  0 out of 4 (0%)
   Number of ECLKBRIDGECS:  0 out of 2 (0%)
   Notes:-
      1. Total number of LUT4s = (Number of logic LUT4s) + 2*(Number of distributed RAMs) + 2*(Number of ripple logic)
      2. Number of logic LUT4s does not include count of distributed RAM and ripple logic.
   Number of clocks:  3
     Net uart_rx1/UartClk[2]: 24 loads, 24 rising, 0 falling (Driver: uart_rx1/UartClk_148__i2 )
     Net osc_clk: 526 loads, 526 rising, 0 falling (Driver: PLL1/PLLInst_0 )
     Net XIn_c: 1 loads, 1 rising, 0 falling (Driver: PIO XIn )
   Number of Clock Enables:  26
     Net uart_rx1/UartClk_2_enable_1: 1 loads, 1 LSLICEs
     Net uart_rx1/UartClk_2_enable_27: 9 loads, 9 LSLICEs
     Net uart_rx1/UartClk_2_enable_15: 2 loads, 2 LSLICEs
     Net uart_rx1/UartClk_2_enable_17: 1 loads, 1 LSLICEs
     Net uart_rx1/UartClk_2_enable_21: 1 loads, 1 LSLICEs
     Net uart_rx1/UartClk_2_enable_20: 1 loads, 1 LSLICEs
     Net uart_rx1/UartClk_2_enable_16: 1 loads, 1 LSLICEs
     Net uart_rx1/UartClk_2_enable_25: 1 loads, 1 LSLICEs
     Net uart_rx1/UartClk_2_enable_18: 1 loads, 1 LSLICEs
     Net uart_rx1/UartClk_2_enable_19: 1 loads, 1 LSLICEs
     Net uart_rx1/UartClk_2_enable_28: 1 loads, 1 LSLICEs
     Net PWM1/osc_clk_enable_577: 4 loads, 4 LSLICEs
     Net CIC1/osc_clk_enable_59: 24 loads, 24 LSLICEs
     Net CIC1/osc_clk_enable_98: 25 loads, 25 LSLICEs
     Net CIC1/v_comb: 21 loads, 21 LSLICEs
     Net CIC1/d_clk_tmp_N_2217: 9 loads, 9 LSLICEs
     Net CIC1/osc_clk_enable_148: 25 loads, 25 LSLICEs
     Net CIC1/osc_clk_enable_198: 26 loads, 26 LSLICEs
     Net CIC1/osc_clk_enable_248: 25 loads, 25 LSLICEs
     Net CIC1/osc_clk_enable_298: 25 loads, 25 LSLICEs
     Net CIC1/osc_clk_enable_348: 25 loads, 25 LSLICEs
     Net CIC1/osc_clk_enable_398: 25 loads, 25 LSLICEs
     Net CIC1/osc_clk_enable_448: 25 loads, 25 LSLICEs
     Net CIC1/osc_clk_enable_498: 25 loads, 25 LSLICEs
     Net CIC1/osc_clk_enable_548: 25 loads, 25 LSLICEs
     Net CIC1/osc_clk_enable_605: 25 loads, 25 LSLICEs
   Number of LSRs:  5
     Net uart_rx1/n1507: 1 loads, 1 LSLICEs
     Net uart_rx1/r_SM_Main_2: 2 loads, 2 LSLICEs
     Net uart_rx1/n746: 9 loads, 9 LSLICEs
     Net CIC1/osc_clk_enable_59: 2 loads, 2 LSLICEs
     Net CIC1/d_clk_tmp_N_2217: 7 loads, 7 LSLICEs
   Number of nets driven by tri-state buffers:  0
   Top 10 highest fanout non-clock nets:
     Net MixerOutSin_c_7: 58 loads
     Net CIC1/osc_clk_enable_59: 38 loads
     Net CIC1/osc_clk_enable_198: 26 loads
     Net CIC1/osc_clk_enable_148: 25 loads
     Net CIC1/osc_clk_enable_248: 25 loads
     Net CIC1/osc_clk_enable_298: 25 loads
     Net CIC1/osc_clk_enable_348: 25 loads
     Net CIC1/osc_clk_enable_398: 25 loads
     Net CIC1/osc_clk_enable_448: 25 loads
     Net CIC1/osc_clk_enable_98: 25 loads
 

   Number of warnings:  0
   Number of errors:    0



Total CPU Time: 1 secs  
Total REAL Time: 0 secs  
Peak Memory Usage: 65 MB

Dumping design to file FPGASDR_impl1_map.ncd.

ncd2vdb "FPGASDR_impl1_map.ncd" ".vdbs/FPGASDR_impl1_map.vdb"

Loading device for application ncd2vdb from file 'xo2c7000.nph' in environment: C:/lscc/diamond/3.10_x64/ispfpga.

mpartrce -p "FPGASDR_impl1.p2t" -f "FPGASDR_impl1.p3t" -tf "FPGASDR_impl1.pt" "FPGASDR_impl1_map.ncd" "FPGASDR_impl1.ncd"

---- MParTrce Tool ----
Removing old design directory at request of -rem command line option to this program.
Running par. Please wait . . .

Lattice Place and Route Report for Design "FPGASDR_impl1_map.ncd"
Mon Jun 03 23:45:53 2019

PAR: Place And Route Diamond (64-bit) 3.10.3.144.
Command Line: par -w -l 5 -i 6 -t 1 -c 0 -e 0 -gui -msgset C:/Users/user/lattice/FPGASDR/promote.xml -exp parUseNBR=1:parCDP=0:parCDR=0:parPathBased=OFF FPGASDR_impl1_map.ncd FPGASDR_impl1.dir/5_1.ncd FPGASDR_impl1.prf
Preference file: FPGASDR_impl1.prf.
Placement level-cost: 5-1.
Routing Iterations: 6

Loading design for application par from file FPGASDR_impl1_map.ncd.
Design name: top
NCD version: 3.3
Vendor:      LATTICE
Device:      LCMXO2-7000HE
Package:     TQFP144
Performance: 4
Loading device for application par from file 'xo2c7000.nph' in environment: C:/lscc/diamond/3.10_x64/ispfpga.
Package Status:                     Final          Version 1.39.
Performance Hardware Data Status:   Final          Version 34.4.
License checked out.


Ignore Preference Error(s):  True
Device utilization summary:

   PIO (prelim)   36+4(JTAG)/336     12% used
                  36+4(JTAG)/115     35% bonded

   SLICE            549/3432         15% used

   PLL                1/2            50% used


    <postMsg mid="70061014" type="Warning" dynamic="1" navigation="0" arg0="PLL1/PLLInst_0"  />
Number of Signals: 2127
Number of Connections: 3964

Pin Constraint Summary:
   16 out of 35 pins locked (45% locked).

    <postMsg mid="61091062" type="Warning" dynamic="0" navigation="0"  />
    <postMsg mid="61091050" type="Warning" dynamic="4" navigation="0" arg0="XIn" arg1="PLL1/PLLInst_0" arg2="57" arg3="PB26A"  />
The following 2 signals are selected to use the primary clock routing resources:
    osc_clk (driver: PLL1/PLLInst_0, clk load #: 525)
    uart_rx1/UartClk[2] (driver: SLICE_597, clk load #: 24)


The following 8 signals are selected to use the secondary clock routing resources:
    CIC1/osc_clk_enable_59 (driver: CIC1/SLICE_559, clk load #: 0, sr load #: 2, ce load #: 24)
    CIC1/osc_clk_enable_198 (driver: SLICE_597, clk load #: 0, sr load #: 0, ce load #: 26)
    CIC1/osc_clk_enable_98 (driver: CIC1/SLICE_559, clk load #: 0, sr load #: 0, ce load #: 25)
    CIC1/osc_clk_enable_148 (driver: CIC1/SLICE_559, clk load #: 0, sr load #: 0, ce load #: 25)
    CIC1/osc_clk_enable_248 (driver: CIC1/SLICE_352, clk load #: 0, sr load #: 0, ce load #: 25)
    CIC1/osc_clk_enable_298 (driver: CIC1/SLICE_255, clk load #: 0, sr load #: 0, ce load #: 25)
    CIC1/osc_clk_enable_348 (driver: CIC1/SLICE_353, clk load #: 0, sr load #: 0, ce load #: 25)
    CIC1/osc_clk_enable_398 (driver: CIC1/SLICE_223, clk load #: 0, sr load #: 0, ce load #: 25)

No signal is selected as Global Set/Reset.
.
Starting Placer Phase 0.
.................
Finished Placer Phase 0.  REAL time: 3 secs 

Starting Placer Phase 1.
....................
Placer score = 379424.
Finished Placer Phase 1.  REAL time: 7 secs 

Starting Placer Phase 2.
.
Placer score =  368736
Finished Placer Phase 2.  REAL time: 7 secs 


------------------ Clock Report ------------------

Global Clock Resources:
  CLK_PIN    : 0 out of 8 (0%)
  PLL        : 1 out of 2 (50%)
  DCM        : 0 out of 2 (0%)
  DCC        : 0 out of 8 (0%)

Quadrants All (TL, TR, BL, BR) - Global Clocks:
  PRIMARY "osc_clk" from CLKOP on comp "PLL1/PLLInst_0" on PLL site "RPLL", clk load = 525
  PRIMARY "uart_rx1/UartClk[2]" from Q0 on comp "SLICE_597" on site "R2C16A", clk load = 24
  SECONDARY "CIC1/osc_clk_enable_59" from F0 on comp "CIC1/SLICE_559" on site "R14C20D", clk load = 0, ce load = 24, sr load = 2
  SECONDARY "CIC1/osc_clk_enable_198" from Q1 on comp "SLICE_597" on site "R2C16A", clk load = 0, ce load = 26, sr load = 0
  SECONDARY "CIC1/osc_clk_enable_98" from Q0 on comp "CIC1/SLICE_559" on site "R14C20D", clk load = 0, ce load = 25, sr load = 0
  SECONDARY "CIC1/osc_clk_enable_148" from Q1 on comp "CIC1/SLICE_559" on site "R14C20D", clk load = 0, ce load = 25, sr load = 0
  SECONDARY "CIC1/osc_clk_enable_248" from Q1 on comp "CIC1/SLICE_352" on site "R14C20C", clk load = 0, ce load = 25, sr load = 0
  SECONDARY "CIC1/osc_clk_enable_298" from Q0 on comp "CIC1/SLICE_255" on site "R11C20A", clk load = 0, ce load = 25, sr load = 0
  SECONDARY "CIC1/osc_clk_enable_348" from Q1 on comp "CIC1/SLICE_353" on site "R11C18A", clk load = 0, ce load = 25, sr load = 0
  SECONDARY "CIC1/osc_clk_enable_398" from Q0 on comp "CIC1/SLICE_223" on site "R10C20A", clk load = 0, ce load = 25, sr load = 0

  PRIMARY  : 2 out of 8 (25%)
  SECONDARY: 8 out of 8 (100%)

Edge Clocks:
  No edge clock selected.

--------------- End of Clock Report ---------------


I/O Usage Summary (final):
   36 + 4(JTAG) out of 336 (11.9%) PIO sites used.
   36 + 4(JTAG) out of 115 (34.8%) bonded PIO sites used.
   Number of PIO comps: 35; differential: 1.
   Number of Vref pins used: 0.

I/O Bank Usage Summary:
+----------+----------------+------------+-----------+
| I/O Bank | Usage          | Bank Vccio | Bank Vref |
+----------+----------------+------------+-----------+
| 0        | 10 / 28 ( 35%) | 2.5V       | -         |
| 1        | 8 / 29 ( 27%)  | 2.5V       | -         |
| 2        | 18 / 29 ( 62%) | 2.5V       | -         |
| 3        | 0 / 9 (  0%)   | -          | -         |
| 4        | 0 / 10 (  0%)  | -          | -         |
| 5        | 0 / 10 (  0%)  | -          | -         |
+----------+----------------+------------+-----------+

Total placer CPU time: 6 secs 

Dumping design to file FPGASDR_impl1.dir/5_1.ncd.

0 connections routed; 3964 unrouted.
Starting router resource preassignment
    <postMsg mid="62061005" type="Warning" dynamic="2" navigation="0" arg0="CLKI" arg1="XIn_c"  />

Completed router resource preassignment. Real time: 10 secs 

Start NBR router at 23:46:03 06/03/19

*****************************************************************
Info: NBR allows conflicts(one node used by more than one signal)
      in the earlier iterations. In each iteration, it tries to  
      solve the conflicts while keeping the critical connections 
      routed as short as possible. The routing process is said to
      be completed when no conflicts exist and all connections   
      are routed.                                                
Note: NBR uses a different method to calculate timing slacks. The
      worst slack and total negative slack may not be the same as
      that in TRCE report. You should always run TRCE to verify  
      your design.                                               
*****************************************************************

Start NBR special constraint process at 23:46:03 06/03/19

Start NBR section for initial routing at 23:46:04 06/03/19
Level 1, iteration 1
6(0.00%) conflicts; 2195(55.37%) untouched conns; 213178 (nbr) score; 
Estimated worst slack/total negative slack<setup>: -0.845ns/-213.178ns; real time: 12 secs 
Level 2, iteration 1
67(0.02%) conflicts; 1939(48.92%) untouched conns; 202568 (nbr) score; 
Estimated worst slack/total negative slack<setup>: -0.852ns/-202.569ns; real time: 13 secs 
Level 3, iteration 1
168(0.04%) conflicts; 754(19.02%) untouched conns; 232049 (nbr) score; 
Estimated worst slack/total negative slack<setup>: -0.852ns/-232.050ns; real time: 14 secs 
Level 4, iteration 1
115(0.03%) conflicts; 0(0.00%) untouched conn; 242283 (nbr) score; 
Estimated worst slack/total negative slack<setup>: -0.866ns/-242.284ns; real time: 15 secs 

Info: Initial congestion level at 75% usage is 0
Info: Initial congestion area  at 75% usage is 8 (0.80%)

Start NBR section for normal routing at 23:46:08 06/03/19
Level 1, iteration 1
49(0.01%) conflicts; 100(2.52%) untouched conns; 237448 (nbr) score; 
Estimated worst slack/total negative slack<setup>: -0.866ns/-237.449ns; real time: 15 secs 
Level 2, iteration 1
36(0.01%) conflicts; 111(2.80%) untouched conns; 241983 (nbr) score; 
Estimated worst slack/total negative slack<setup>: -0.866ns/-241.984ns; real time: 16 secs 
Level 3, iteration 1
44(0.01%) conflicts; 89(2.25%) untouched conns; 242948 (nbr) score; 
Estimated worst slack/total negative slack<setup>: -0.866ns/-242.949ns; real time: 16 secs 
Level 4, iteration 1
67(0.02%) conflicts; 0(0.00%) untouched conn; 242722 (nbr) score; 
Estimated worst slack/total negative slack<setup>: -0.866ns/-242.723ns; real time: 16 secs 
Level 4, iteration 2
45(0.01%) conflicts; 0(0.00%) untouched conn; 243525 (nbr) score; 
Estimated worst slack/total negative slack<setup>: -0.866ns/-243.526ns; real time: 17 secs 
Level 4, iteration 3
30(0.01%) conflicts; 0(0.00%) untouched conn; 250356 (nbr) score; 
Estimated worst slack/total negative slack<setup>: -0.866ns/-250.357ns; real time: 17 secs 
Level 4, iteration 4
21(0.01%) conflicts; 0(0.00%) untouched conn; 250356 (nbr) score; 
Estimated worst slack/total negative slack<setup>: -0.866ns/-250.357ns; real time: 17 secs 
Level 4, iteration 5
12(0.00%) conflicts; 0(0.00%) untouched conn; 250600 (nbr) score; 
Estimated worst slack/total negative slack<setup>: -0.866ns/-250.601ns; real time: 17 secs 
Level 4, iteration 6
4(0.00%) conflicts; 0(0.00%) untouched conn; 250600 (nbr) score; 
Estimated worst slack/total negative slack<setup>: -0.866ns/-250.601ns; real time: 17 secs 
Level 4, iteration 7
2(0.00%) conflicts; 0(0.00%) untouched conn; 255239 (nbr) score; 
Estimated worst slack/total negative slack<setup>: -0.866ns/-255.240ns; real time: 17 secs 
Level 4, iteration 8
2(0.00%) conflicts; 0(0.00%) untouched conn; 255239 (nbr) score; 
Estimated worst slack/total negative slack<setup>: -0.866ns/-255.240ns; real time: 17 secs 
Level 4, iteration 9
2(0.00%) conflicts; 0(0.00%) untouched conn; 255239 (nbr) score; 
Estimated worst slack/total negative slack<setup>: -0.866ns/-255.240ns; real time: 18 secs 
Level 4, iteration 10
1(0.00%) conflict; 0(0.00%) untouched conn; 255239 (nbr) score; 
Estimated worst slack/total negative slack<setup>: -0.866ns/-255.240ns; real time: 18 secs 
Level 4, iteration 11
1(0.00%) conflict; 0(0.00%) untouched conn; 255239 (nbr) score; 
Estimated worst slack/total negative slack<setup>: -0.866ns/-255.240ns; real time: 18 secs 
Level 4, iteration 12
2(0.00%) conflicts; 0(0.00%) untouched conn; 255239 (nbr) score; 
Estimated worst slack/total negative slack<setup>: -0.866ns/-255.240ns; real time: 18 secs 
Level 4, iteration 13
1(0.00%) conflict; 0(0.00%) untouched conn; 255470 (nbr) score; 
Estimated worst slack/total negative slack<setup>: -0.866ns/-255.471ns; real time: 18 secs 
Level 4, iteration 14
0(0.00%) conflict; 0(0.00%) untouched conn; 255470 (nbr) score; 
Estimated worst slack/total negative slack<setup>: -0.866ns/-255.471ns; real time: 18 secs 

Start NBR section for performance tuning (iteration 1) at 23:46:11 06/03/19
Level 4, iteration 1
2(0.00%) conflicts; 0(0.00%) untouched conn; 254954 (nbr) score; 
Estimated worst slack/total negative slack<setup>: -0.866ns/-254.955ns; real time: 18 secs 
Level 4, iteration 2
1(0.00%) conflict; 0(0.00%) untouched conn; 268846 (nbr) score; 
Estimated worst slack/total negative slack<setup>: -1.026ns/-268.847ns; real time: 18 secs 

Start NBR section for re-routing at 23:46:11 06/03/19
Level 4, iteration 1
0(0.00%) conflict; 0(0.00%) untouched conn; 255456 (nbr) score; 
Estimated worst slack/total negative slack<setup>: -0.866ns/-255.457ns; real time: 19 secs 

Start NBR section for post-routing at 23:46:12 06/03/19

End NBR router with 0 unrouted connection

NBR Summary
-----------
  Number of unrouted connections : 0 (0.00%)
  Number of connections with timing violations : 519 (13.09%)
  Estimated worst slack<setup> : -0.866ns
  Timing score<setup> : 93821
-----------
Notes: The timing info is calculated for SETUP only and all PAR_ADJs are ignored.



Total CPU time 19 secs 
Total REAL time: 20 secs 
Completely routed.
End of route.  3964 routed (100.00%); 0 unrouted.

Hold time timing score: 0, hold timing errors: 0

Timing score: 93821 

Dumping design to file FPGASDR_impl1.dir/5_1.ncd.


PAR_SUMMARY::Run status = Success
PAR_SUMMARY::Number of unrouted conns = 0
PAR_SUMMARY::Worst  slack<setup/<ns>> = -0.866
PAR_SUMMARY::Timing score<setup/<ns>> = 93.821
PAR_SUMMARY::Worst  slack<hold /<ns>> = 0.304
PAR_SUMMARY::Timing score<hold /<ns>> = 0.000
PAR_SUMMARY::Number of errors = 0

Total CPU  time to completion: 19 secs 
Total REAL time to completion: 20 secs 

par done!

Copyright (c) 1991-1994 by NeoCAD Inc. All rights reserved.
Copyright (c) 1995 AT&T Corp.   All rights reserved.
Copyright (c) 1995-2001 Lucent Technologies Inc.  All rights reserved.
Copyright (c) 2001 Agere Systems   All rights reserved.
Copyright (c) 2002-2017 Lattice Semiconductor Corporation,  All rights reserved.
Exiting par with exit code 0
Exiting mpartrce with exit code 0

bitgen -f "FPGASDR_impl1.t2b" -w "FPGASDR_impl1.ncd" -jedec "FPGASDR_impl1.prf"


BITGEN: Bitstream Generator Diamond (64-bit) 3.10.3.144
Copyright (c) 1991-1994 by NeoCAD Inc. All rights reserved.
Copyright (c) 1995 AT&T Corp.   All rights reserved.
Copyright (c) 1995-2001 Lucent Technologies Inc.  All rights reserved.
Copyright (c) 2001 Agere Systems   All rights reserved.
Copyright (c) 2002-2017 Lattice Semiconductor Corporation,  All rights reserved.


Loading design for application Bitgen from file FPGASDR_impl1.ncd.
Design name: top
NCD version: 3.3
Vendor:      LATTICE
Device:      LCMXO2-7000HE
Package:     TQFP144
Performance: 4
Loading device for application Bitgen from file 'xo2c7000.nph' in environment: C:/lscc/diamond/3.10_x64/ispfpga.
Package Status:                     Final          Version 1.39.
Performance Hardware Data Status:   Final          Version 34.4.

Running DRC.
DRC detected 0 errors and 0 warnings.
Reading Preference File from FPGASDR_impl1.prf.

Preference Summary:
+---------------------------------+---------------------------------+
|  Preference                     |  Current Setting                |
+---------------------------------+---------------------------------+
|                         RamCfg  |                        Reset**  |
+---------------------------------+---------------------------------+
|                     MCCLK_FREQ  |                         2.08**  |
+---------------------------------+---------------------------------+
|                  CONFIG_SECURE  |                          OFF**  |
+---------------------------------+---------------------------------+
|                          INBUF  |                           ON**  |
+---------------------------------+---------------------------------+
|                      JTAG_PORT  |                       ENABLE**  |
+---------------------------------+---------------------------------+
|                       SDM_PORT  |                      DISABLE**  |
+---------------------------------+---------------------------------+
|                 SLAVE_SPI_PORT  |                      DISABLE**  |
+---------------------------------+---------------------------------+
|                MASTER_SPI_PORT  |                      DISABLE**  |
+---------------------------------+---------------------------------+
|                       I2C_PORT  |                      DISABLE**  |
+---------------------------------+---------------------------------+
|        MUX_CONFIGURATION_PORTS  |                      DISABLE**  |
+---------------------------------+---------------------------------+
|                  CONFIGURATION  |                          CFG**  |
+---------------------------------+---------------------------------+
|                COMPRESS_CONFIG  |                           ON**  |
+---------------------------------+---------------------------------+
|                        MY_ASSP  |                          OFF**  |
+---------------------------------+---------------------------------+
|               ONE_TIME_PROGRAM  |                          OFF**  |
+---------------------------------+---------------------------------+
|                 ENABLE_TRANSFR  |                      DISABLE**  |
+---------------------------------+---------------------------------+
|                  SHAREDEBRINIT  |                      DISABLE**  |
+---------------------------------+---------------------------------+
|            BACKGROUND_RECONFIG  |                          OFF**  |
+---------------------------------+---------------------------------+
 *  Default setting.
 ** The specified setting matches the default setting.


Creating bit map...
 
Bitstream Status: Final           Version 1.94.
 
Saving bit stream in "FPGASDR_impl1.jed".
 
===========
UFM Summary.
===========
UFM Size:        2046 Pages (128*2046 Bits).
UFM Utilization: General Purpose Flash Memory.
 
Available General Purpose Flash Memory: 2046 Pages (Page 0 to Page 2045).
Initialized UFM Pages:                     0 Page.
 
