Synthesis options:
The -a option is MachXO2.
The -s option is 4.
The -t option is TQFP144.
The -d option is LCMXO2-7000HE.
Using package TQFP144.
Using performance grade 4.
                                                          

##########################################################

### Lattice Family : MachXO2

### Device  : LCMXO2-7000HE

### Package : TQFP144

### Speed   : 4

##########################################################

                                                          

INFO - synthesis: User-Selected Strategy Settings
Optimization goal = Area
The -top option is not used.
Target frequency = 1.000000 MHz.
Maximum fanout = 1000.
Timing path count = 3
BRAM utilization = 100.000000 %
DSP usage = true
DSP utilization = 100.000000 %
fsm_encoding_style = auto
resolve_mixed_drivers = 0
fix_gated_clocks = 1

Mux style = Auto
Use Carry Chain = true
carry_chain_length = 0
Loop Limit = 1950.
Use IO Insertion = TRUE
Use IO Reg = AUTO

Resource Sharing = TRUE
Propagate Constants = TRUE
Remove Duplicate Registers = TRUE
force_gsr = auto
ROM style = auto
RAM style = auto
The -comp option is FALSE.
The -syn option is FALSE.
-p C:/Users/user/lattice/FPGASDR (searchpath added)
-p C:/lscc/diamond/3.10_x64/ispfpga/xo2c00/data (searchpath added)
-p C:/Users/user/lattice/FPGASDR/sim2 (searchpath added)
-p C:/Users/user/lattice/FPGASDR (searchpath added)
Verilog design file = C:/Users/user/lattice/FPGASDR/sim2/source/Mixer.v
Verilog design file = C:/Users/user/lattice/FPGASDR/MixerSim.v
NGD file = FPGASDR_sim2.ngd
-sdc option: SDC file input not used.
-lpf option: Output file option is ON.
Hardtimer checking is enabled (default). The -dt option is not used.
The -r option is OFF. [ Remove LOC Properties is OFF. ]
WARNING - synthesis: Setting MixerSim as the top-level module. To specify the top-level module explicitly, use the -top option.
Technology check ok...

Analyzing Verilog file C:/lscc/diamond/3.10_x64/ispfpga/userware/NT/SYNTHESIS_HEADERS/machxo2.v. VERI-1482
Compile design.
Compile Design Begin
Analyzing Verilog file c:/users/user/lattice/fpgasdr/sim2/source/mixer.v. VERI-1482
Analyzing Verilog file c:/users/user/lattice/fpgasdr/mixersim.v. VERI-1482
Analyzing Verilog file C:/lscc/diamond/3.10_x64/ispfpga/userware/NT/SYNTHESIS_HEADERS/machxo2.v. VERI-1482
Top module name (Verilog): MixerSim
INFO - synthesis: c:/users/user/lattice/fpgasdr/mixersim.v(2): compiling module MixerSim. VERI-1018
WARNING - synthesis: c:/users/user/lattice/fpgasdr/mixersim.v(28): using initial value of RFIn since it is never assigned. VERI-1220
INFO - synthesis: c:/users/user/lattice/fpgasdr/sim2/source/mixer.v(2): compiling module Mixer. VERI-1018
ERROR - synthesis: Top MixerSim has no ports.
